<?xml version="1.0" encoding="UTF-8"?>
<testng-results skipped="0" failed="0" total="1" passed="1">
  <reporter-output>
    <line>
      <![CDATA[First_Name has been Entered]]>
    </line>
    <line>
      <![CDATA[Last_Name has been Entered]]>
    </line>
    <line>
      <![CDATA[Email_ID has been Entered]]>
    </line>
    <line>
      <![CDATA[JobTital has been Entered]]>
    </line>
    <line>
      <![CDATA[Phone_Numer has been Entered]]>
    </line>
    <line>
      <![CDATA[company has been Entered]]>
    </line>
    <line>
      <![CDATA[employess has been entered]]>
    </line>
    <line>
      <![CDATA[checkbox has been entered]]>
    </line>
  </reporter-output>
  <suite name="Default suite" duration-ms="26562" started-at="2019-10-03T17:54:31Z" finished-at="2019-10-03T17:54:58Z">
    <groups>
    </groups>
    <test name="Default test" duration-ms="26562" started-at="2019-10-03T17:54:31Z" finished-at="2019-10-03T17:54:58Z">
      <class name="TestCase.LogintoApplication1">
        <test-method status="PASS" signature="LoadingFiles()[pri:0, instance:TestCase.LogintoApplication1@78b729e6]" name="LoadingFiles" is-config="true" duration-ms="360" started-at="2019-10-03T23:24:31Z" finished-at="2019-10-03T23:24:31Z">
          <reporter-output>
          </reporter-output>
        </test-method> <!-- LoadingFiles -->
        <test-method status="PASS" signature="launchingBrowser()[pri:0, instance:TestCase.LogintoApplication1@78b729e6]" name="launchingBrowser" is-config="true" duration-ms="14290" started-at="2019-10-03T23:24:31Z" finished-at="2019-10-03T23:24:46Z">
          <reporter-output>
          </reporter-output>
        </test-method> <!-- launchingBrowser -->
        <test-method status="PASS" signature="logintoApplication1(java.util.Hashtable)[pri:0, instance:TestCase.LogintoApplication1@78b729e6]" name="logintoApplication1" duration-ms="6391" started-at="2019-10-03T23:24:46Z" data-provider="Data_Collection" finished-at="2019-10-03T23:24:52Z">
          <params>
            <param index="0">
              <value>
                <![CDATA[{JobTital=testing, Phone_Numer=9850658748, Iteration=1, Last_Name=Ganjare, Address=pune, Email_ID=test.test1234@gmail.com, Password=Rahul#124, company=qsp, First_Name=Rahul}]]>
              </value>
            </param>
          </params>
          <reporter-output>
            <line>
              <![CDATA[First_Name has been Entered]]>
            </line>
            <line>
              <![CDATA[Last_Name has been Entered]]>
            </line>
            <line>
              <![CDATA[Email_ID has been Entered]]>
            </line>
            <line>
              <![CDATA[JobTital has been Entered]]>
            </line>
            <line>
              <![CDATA[Phone_Numer has been Entered]]>
            </line>
            <line>
              <![CDATA[company has been Entered]]>
            </line>
            <line>
              <![CDATA[employess has been entered]]>
            </line>
            <line>
              <![CDATA[checkbox has been entered]]>
            </line>
          </reporter-output>
        </test-method> <!-- logintoApplication1 -->
        <test-method status="PASS" signature="closeBrowser()[pri:0, instance:TestCase.LogintoApplication1@78b729e6]" name="closeBrowser" is-config="true" duration-ms="5725" started-at="2019-10-03T23:24:52Z" finished-at="2019-10-03T23:24:58Z">
          <reporter-output>
          </reporter-output>
        </test-method> <!-- closeBrowser -->
        <test-method status="PASS" signature="writeIntoExtentReport()[pri:0, instance:TestCase.LogintoApplication1@78b729e6]" name="writeIntoExtentReport" is-config="true" duration-ms="392" started-at="2019-10-03T23:24:58Z" finished-at="2019-10-03T23:24:58Z">
          <reporter-output>
          </reporter-output>
        </test-method> <!-- writeIntoExtentReport -->
      </class> <!-- TestCase.LogintoApplication1 -->
    </test> <!-- Default test -->
  </suite> <!-- Default suite -->
</testng-results>
